<?xml version="1.0" encoding="UTF-8"?>
<!-- Generated by org.testng.reporters.JUnitXMLReporter -->
<testsuite ignored="4" hostname="DESKTOP-76Q9I9I" failures="4" tests="9" name="Test" time="171.238" errors="0" timestamp="2026-05-09T09:53:39 IST">
  <testcase classname="base.BaseClass" name="@AfterMethod logout" time="21.404">
    <failure type="org.openqa.selenium.ElementNotInteractableException" message="element not interactable
  (Session info: chrome=147.0.7727.139)
Build info: version: &amp;apos;4.43.0&amp;apos;, revision: &amp;apos;dd0f534&amp;apos;
System info: os.name: &amp;apos;Windows 10&amp;apos;, os.arch: &amp;apos;amd64&amp;apos;, os.version: &amp;apos;10.0&amp;apos;, java.version: &amp;apos;21.0.10&amp;apos;
Driver info: org.openqa.selenium.chrome.ChromeDriver
Command: [47103da51457672172bca8695d02e04a, clickElement {id=f.9E7EE51E1C3106D46CFA1B4C9E1077C0.d.3F7BF357F65FF8B2FA2F1FBBFE0292D8.e.2232}]
Capabilities {acceptInsecureCerts: false, browserName: chrome, browserVersion: 147.0.7727.139, chrome: {chromedriverVersion: 147.0.7727.117 (474cc805edd..., userDataDir: C:\Users\HP\AppData\Local\T...}, fedcm:accounts: true, goog:chromeOptions: {debuggerAddress: localhost:49837}, goog:processID: 1724, networkConnectionEnabled: false, pageLoadStrategy: normal, platformName: windows, proxy: Proxy(), se:cdp: ws://localhost:49837/devtoo..., se:cdpVersion: 147.0.7727.139, setWindowRect: true, strictFileInteractability: false, timeouts: {implicit: 0, pageLoad: 300000, script: 30000}, unhandledPromptBehavior: dismiss and notify, webauthn:extension:credBlob: true, webauthn:extension:largeBlob: true, webauthn:extension:minPinLength: true, webauthn:extension:prf: true, webauthn:virtualAuthenticators: true}
Element: [[ChromeDriver: chrome on windows (47103da51457672172bca8695d02e04a)] -&amp;gt; xpath: //a[@href=&amp;apos;index.php?module=Users&amp;amp;action=Logout&amp;apos;]]
Session ID: 47103da51457672172bca8695d02e04a">
      <![CDATA[org.openqa.selenium.ElementNotInteractableException: element not interactable
  (Session info: chrome=147.0.7727.139)
Build info: version: '4.43.0', revision: 'dd0f534'
System info: os.name: 'Windows 10', os.arch: 'amd64', os.version: '10.0', java.version: '21.0.10'
Driver info: org.openqa.selenium.chrome.ChromeDriver
Command: [47103da51457672172bca8695d02e04a, clickElement {id=f.9E7EE51E1C3106D46CFA1B4C9E1077C0.d.3F7BF357F65FF8B2FA2F1FBBFE0292D8.e.2232}]
Capabilities {acceptInsecureCerts: false, browserName: chrome, browserVersion: 147.0.7727.139, chrome: {chromedriverVersion: 147.0.7727.117 (474cc805edd..., userDataDir: C:\Users\HP\AppData\Local\T...}, fedcm:accounts: true, goog:chromeOptions: {debuggerAddress: localhost:49837}, goog:processID: 1724, networkConnectionEnabled: false, pageLoadStrategy: normal, platformName: windows, proxy: Proxy(), se:cdp: ws://localhost:49837/devtoo..., se:cdpVersion: 147.0.7727.139, setWindowRect: true, strictFileInteractability: false, timeouts: {implicit: 0, pageLoad: 300000, script: 30000}, unhandledPromptBehavior: dismiss and notify, webauthn:extension:credBlob: true, webauthn:extension:largeBlob: true, webauthn:extension:minPinLength: true, webauthn:extension:prf: true, webauthn:virtualAuthenticators: true}
Element: [[ChromeDriver: chrome on windows (47103da51457672172bca8695d02e04a)] -> xpath: //a[@href='index.php?module=Users&action=Logout']]
Session ID: 47103da51457672172bca8695d02e04a
at org.openqa.selenium.remote.ErrorCodec.decode(ErrorCodec.java:169)
at org.openqa.selenium.remote.codec.w3c.W3CHttpResponseCodec.decode(W3CHttpResponseCodec.java:142)
at org.openqa.selenium.remote.codec.w3c.W3CHttpResponseCodec.decode(W3CHttpResponseCodec.java:49)
at org.openqa.selenium.remote.HttpCommandExecutor.execute(HttpCommandExecutor.java:223)
at org.openqa.selenium.remote.service.DriverCommandExecutor.invokeExecute(DriverCommandExecutor.java:216)
at org.openqa.selenium.remote.service.DriverCommandExecutor.execute(DriverCommandExecutor.java:174)
at org.openqa.selenium.remote.RemoteWebDriver.execute(RemoteWebDriver.java:606)
at org.openqa.selenium.remote.RemoteWebElement.execute(RemoteWebElement.java:223)
at org.openqa.selenium.remote.RemoteWebElement.click(RemoteWebElement.java:76)
at pomPages.HomePomPage.Logout(HomePomPage.java:59)
at base.BaseClass.logout(BaseClass.java:142)
at java.base/java.util.ArrayList.forEach(ArrayList.java:1596)
... Removed 30 stack frames]]>
    </failure>
  </testcase> <!-- @AfterMethod logout -->
  <testcase classname="base.BaseClass" name="@BeforeMethod login" time="0.0">
    <skipped/>
  </testcase> <!-- @BeforeMethod login -->
  <testcase classname="base.BaseClass" name="@AfterMethod logout" time="0.0">
    <skipped/>
  </testcase> <!-- @AfterMethod logout -->
  <testcase classname="base.BaseClass" name="@BeforeMethod login" time="0.0">
    <skipped/>
  </testcase> <!-- @BeforeMethod login -->
  <testcase classname="base.BaseClass" name="@AfterMethod logout" time="0.0">
    <skipped/>
  </testcase> <!-- @AfterMethod logout -->
  <testcase classname="base.BaseClass" name="@BeforeMethod login" time="0.0">
    <skipped/>
  </testcase> <!-- @BeforeMethod login -->
  <testcase classname="base.BaseClass" name="@AfterMethod logout" time="0.0">
    <skipped/>
  </testcase> <!-- @AfterMethod logout -->
  <testcase classname="base.BaseClass" name="@AfterClass quitBrowser" time="0.0">
    <skipped/>
  </testcase> <!-- @AfterClass quitBrowser -->
  <testcase classname="contactModule.ContactModule" name="createBasicContactTest" time="43.087"/>
  <testcase classname="contactModule.ContactModule" name="createContactWithOrganizationTest" time="15.746"/>
  <testcase classname="contactModule.ContactModule" name="createContactWithSupportDatesTest" time="9.616">
    <skipped/>
  </testcase> <!-- createContactWithSupportDatesTest -->
  <testcase classname="contactModule.ContactModule" name="createContactWithSupportDatesTest" time="10.052">
    <skipped/>
  </testcase> <!-- createContactWithSupportDatesTest -->
  <testcase classname="contactModule.ContactModule" name="createContactWithSupportDatesTest" time="10.035">
    <skipped/>
  </testcase> <!-- createContactWithSupportDatesTest -->
  <testcase classname="contactModule.ContactModule" name="createContactWithSupportDatesTest" time="10.026">
    <failure type="org.openqa.selenium.NoSuchElementException" message="no such element: Unable to locate element: {&amp;quot;method&amp;quot;:&amp;quot;xpath&amp;quot;,&amp;quot;selector&amp;quot;:&amp;quot;//a[@class=&amp;apos;hdrLink&amp;apos; and contains(text(),&amp;apos;Home&amp;apos;)]&amp;quot;}
  (Session info: chrome=147.0.7727.139)
For documentation on this error, please visit: https://www.selenium.dev/documentation/webdriver/troubleshooting/errors#nosuchelementexception
Build info: version: &amp;apos;4.43.0&amp;apos;, revision: &amp;apos;dd0f534&amp;apos;
System info: os.name: &amp;apos;Windows 10&amp;apos;, os.arch: &amp;apos;amd64&amp;apos;, os.version: &amp;apos;10.0&amp;apos;, java.version: &amp;apos;21.0.10&amp;apos;
Driver info: org.openqa.selenium.chrome.ChromeDriver
Command: [47103da51457672172bca8695d02e04a, findElement {value=//a[@class=&amp;apos;hdrLink&amp;apos; and contains(text(),&amp;apos;Home&amp;apos;)], using=xpath}]
Capabilities {acceptInsecureCerts: false, browserName: chrome, browserVersion: 147.0.7727.139, chrome: {chromedriverVersion: 147.0.7727.117 (474cc805edd..., userDataDir: C:\Users\HP\AppData\Local\T...}, fedcm:accounts: true, goog:chromeOptions: {debuggerAddress: localhost:49837}, goog:processID: 1724, networkConnectionEnabled: false, pageLoadStrategy: normal, platformName: windows, proxy: Proxy(), se:cdp: ws://localhost:49837/devtoo..., se:cdpVersion: 147.0.7727.139, setWindowRect: true, strictFileInteractability: false, timeouts: {implicit: 0, pageLoad: 300000, script: 30000}, unhandledPromptBehavior: dismiss and notify, webauthn:extension:credBlob: true, webauthn:extension:largeBlob: true, webauthn:extension:minPinLength: true, webauthn:extension:prf: true, webauthn:virtualAuthenticators: true}
Session ID: 47103da51457672172bca8695d02e04a">
      <![CDATA[org.openqa.selenium.NoSuchElementException: no such element: Unable to locate element: {"method":"xpath","selector":"//a[@class='hdrLink' and contains(text(),'Home')]"}
  (Session info: chrome=147.0.7727.139)
For documentation on this error, please visit: https://www.selenium.dev/documentation/webdriver/troubleshooting/errors#nosuchelementexception
Build info: version: '4.43.0', revision: 'dd0f534'
System info: os.name: 'Windows 10', os.arch: 'amd64', os.version: '10.0', java.version: '21.0.10'
Driver info: org.openqa.selenium.chrome.ChromeDriver
Command: [47103da51457672172bca8695d02e04a, findElement {value=//a[@class='hdrLink' and contains(text(),'Home')], using=xpath}]
Capabilities {acceptInsecureCerts: false, browserName: chrome, browserVersion: 147.0.7727.139, chrome: {chromedriverVersion: 147.0.7727.117 (474cc805edd..., userDataDir: C:\Users\HP\AppData\Local\T...}, fedcm:accounts: true, goog:chromeOptions: {debuggerAddress: localhost:49837}, goog:processID: 1724, networkConnectionEnabled: false, pageLoadStrategy: normal, platformName: windows, proxy: Proxy(), se:cdp: ws://localhost:49837/devtoo..., se:cdpVersion: 147.0.7727.139, setWindowRect: true, strictFileInteractability: false, timeouts: {implicit: 0, pageLoad: 300000, script: 30000}, unhandledPromptBehavior: dismiss and notify, webauthn:extension:credBlob: true, webauthn:extension:largeBlob: true, webauthn:extension:minPinLength: true, webauthn:extension:prf: true, webauthn:virtualAuthenticators: true}
Session ID: 47103da51457672172bca8695d02e04a
at org.openqa.selenium.remote.ErrorCodec.decode(ErrorCodec.java:169)
at org.openqa.selenium.remote.codec.w3c.W3CHttpResponseCodec.decode(W3CHttpResponseCodec.java:142)
at org.openqa.selenium.remote.codec.w3c.W3CHttpResponseCodec.decode(W3CHttpResponseCodec.java:49)
at org.openqa.selenium.remote.HttpCommandExecutor.execute(HttpCommandExecutor.java:223)
at org.openqa.selenium.remote.service.DriverCommandExecutor.invokeExecute(DriverCommandExecutor.java:216)
at org.openqa.selenium.remote.service.DriverCommandExecutor.execute(DriverCommandExecutor.java:174)
at org.openqa.selenium.remote.RemoteWebDriver.execute(RemoteWebDriver.java:606)
at org.openqa.selenium.remote.ElementLocation$ElementFinder$2.findElement(ElementLocation.java:166)
at org.openqa.selenium.remote.ElementLocation.findElement(ElementLocation.java:60)
at org.openqa.selenium.remote.RemoteWebDriver.findElement(RemoteWebDriver.java:429)
at org.openqa.selenium.remote.RemoteWebDriver.findElement(RemoteWebDriver.java:423)
at org.openqa.selenium.support.pagefactory.DefaultElementLocator.findElement(DefaultElementLocator.java:68)
at org.openqa.selenium.support.pagefactory.internal.LocatingElementHandler.invoke(LocatingElementHandler.java:38)
at jdk.proxy2/jdk.proxy2.$Proxy23.getText(Unknown Source)
at pomPages.HomePomPage.getHomePageHeading(HomePomPage.java:35)
at contactModule.ContactModule.validateHomePage(ContactModule.java:25)
at contactModule.ContactModule.createContactWithSupportDatesTest(ContactModule.java:100)
at java.base/java.util.ArrayList.forEach(ArrayList.java:1596)
... Removed 25 stack frames]]>
    </failure>
  </testcase> <!-- createContactWithSupportDatesTest -->
  <testcase classname="organizationModule.OrganizationModule" name="createOrgTest" time="0.0">
    <failure type="java.lang.RuntimeException" message="java.lang.RuntimeException: No data found for: Create Organization">
      <![CDATA[java.lang.RuntimeException: java.lang.RuntimeException: No data found for: Create Organization
at java.base/java.util.ArrayList.forEach(ArrayList.java:1596)
Caused by: java.lang.RuntimeException: No data found for: Create Organization
at dataProviders.OrgDataProvider.getData(OrgDataProvider.java:24)
... 25 more
... Removed 30 stack frames]]>
    </failure>
  </testcase> <!-- createOrgTest -->
  <testcase classname="organizationModule.OrganizationModule" name="createOrgWithIndustryAndTypeTest" time="0.0">
    <failure type="java.lang.RuntimeException" message="java.lang.RuntimeException: No data found for: Create Organization With Industry and Type">
      <![CDATA[java.lang.RuntimeException: java.lang.RuntimeException: No data found for: Create Organization With Industry and Type
at java.base/java.util.ArrayList.forEach(ArrayList.java:1596)
Caused by: java.lang.RuntimeException: No data found for: Create Organization With Industry and Type
at dataProviders.OrgDataProvider.getData(OrgDataProvider.java:24)
... 25 more
... Removed 30 stack frames]]>
    </failure>
  </testcase> <!-- createOrgWithIndustryAndTypeTest -->
  <testcase classname="organizationModule.OrganizationModule" name="createOrgWithPhoneTest" time="0.0">
    <failure type="java.lang.RuntimeException" message="java.lang.RuntimeException: No data found for: Create Organization With Phone Number">
      <![CDATA[java.lang.RuntimeException: java.lang.RuntimeException: No data found for: Create Organization With Phone Number
at java.base/java.util.ArrayList.forEach(ArrayList.java:1596)
Caused by: java.lang.RuntimeException: No data found for: Create Organization With Phone Number
at dataProviders.OrgDataProvider.getData(OrgDataProvider.java:24)
... 25 more
... Removed 30 stack frames]]>
    </failure>
  </testcase> <!-- createOrgWithPhoneTest -->
  <testcase classname="base.BaseClass" name="@BeforeSuite connectToDatabase" time="0.0">
    <ignored/>
  </testcase> <!-- @BeforeSuite connectToDatabase -->
  <testcase classname="base.BaseClass" name="@BeforeTest configParallelExe" time="0.0">
    <ignored/>
  </testcase> <!-- @BeforeTest configParallelExe -->
  <testcase classname="base.BaseClass" name="@AfterSuite disconnectDB" time="0.0">
    <ignored/>
  </testcase> <!-- @AfterSuite disconnectDB -->
  <testcase classname="base.BaseClass" name="@AfterTest closeConfigPE" time="0.0">
    <ignored/>
  </testcase> <!-- @AfterTest closeConfigPE -->
</testsuite> <!-- Test -->
