<?xml version="1.0" encoding="UTF-8"?>
<!-- Generated by org.testng.reporters.JUnitXMLReporter -->
<testsuite ignored="4" hostname="DESKTOP-76Q9I9I" failures="2" tests="11" name="Test" time="247.964" errors="0" timestamp="2026-05-08T16:14:09 IST">
  <testcase classname="contactModule.ContactModule" name="createBasicContactTest" time="0.0">
    <failure type="java.lang.RuntimeException" message="java.lang.RuntimeException: ❌ No data found for TC_ID: Create Basic Contact">
      <![CDATA[java.lang.RuntimeException: java.lang.RuntimeException: ❌ No data found for TC_ID: Create Basic Contact
at java.base/java.util.ArrayList.forEach(ArrayList.java:1596)
Caused by: java.lang.RuntimeException: ❌ No data found for TC_ID: Create Basic Contact
at dataProviders.ContactDataProvider.getData(ContactDataProvider.java:31)
... 25 more
... Removed 30 stack frames]]>
    </failure>
  </testcase> <!-- createBasicContactTest -->
  <testcase classname="contactModule.ContactModule" name="createContactWithOrganizationTest" time="49.099"/>
  <testcase classname="contactModule.ContactModule" name="createContactWithSupportDatesTest" time="12.47">
    <skipped/>
  </testcase> <!-- createContactWithSupportDatesTest -->
  <testcase classname="contactModule.ContactModule" name="createContactWithSupportDatesTest" time="12.346">
    <skipped/>
  </testcase> <!-- createContactWithSupportDatesTest -->
  <testcase classname="contactModule.ContactModule" name="createContactWithSupportDatesTest" time="12.573">
    <skipped/>
  </testcase> <!-- createContactWithSupportDatesTest -->
  <testcase classname="contactModule.ContactModule" name="createContactWithSupportDatesTest" time="12.03">
    <skipped/>
  </testcase> <!-- createContactWithSupportDatesTest -->
  <testcase classname="contactModule.ContactModule" name="createContactWithSupportDatesTest" time="12.279">
    <skipped/>
  </testcase> <!-- createContactWithSupportDatesTest -->
  <testcase classname="contactModule.ContactModule" name="createContactWithSupportDatesTest" time="12.329">
    <failure type="java.lang.IllegalArgumentException" message="Keys to send should be a not null CharSequence">
      <![CDATA[java.lang.IllegalArgumentException: Keys to send should be a not null CharSequence
at org.openqa.selenium.remote.RemoteWebElement.sendKeys(RemoteWebElement.java:96)
at org.openqa.selenium.support.pagefactory.internal.LocatingElementHandler.invoke(LocatingElementHandler.java:51)
at jdk.proxy2/jdk.proxy2.$Proxy22.sendKeys(Unknown Source)
at contactModule.ContactModule.createContactWithSupportDatesTest(ContactModule.java:185)
at java.base/java.util.ArrayList.forEach(ArrayList.java:1596)
... Removed 27 stack frames]]>
    </failure>
  </testcase> <!-- createContactWithSupportDatesTest -->
  <testcase classname="organizationModule.OrganizationModule" name="createOrgTest" time="13.067"/>
  <testcase classname="organizationModule.OrganizationModule" name="createOrgWithIndustryAndTypeTest" time="13.083"/>
  <testcase classname="organizationModule.OrganizationModule" name="createOrgWithPhoneTest" time="12.712"/>
  <testcase classname="base.BaseClass" name="@AfterSuite disconnectDB" time="0.0">
    <ignored/>
  </testcase> <!-- @AfterSuite disconnectDB -->
  <testcase classname="base.BaseClass" name="@BeforeTest configParallelExe" time="0.0">
    <ignored/>
  </testcase> <!-- @BeforeTest configParallelExe -->
  <testcase classname="base.BaseClass" name="@BeforeSuite connectToDatabase" time="0.0">
    <ignored/>
  </testcase> <!-- @BeforeSuite connectToDatabase -->
  <testcase classname="base.BaseClass" name="@AfterTest closeConfigPE" time="0.0">
    <ignored/>
  </testcase> <!-- @AfterTest closeConfigPE -->
</testsuite> <!-- Test -->
