<?xml version="1.0" encoding="UTF-8"?>
<testng-results retried="5" ignored="0" total="11" passed="4" failed="2" skipped="0">
  <reporter-output>
    <line>
      <![CDATA[Suite Execution Started]]>
    </line>
    <line>
      <![CDATA[Database Connected]]>
    </line>
    <line>
      <![CDATA[Parallel Execution Configured]]>
    </line>
    <line>
      <![CDATA[Launching Browser]]>
    </line>
    <line>
      <![CDATA[sdriver initialized: SUCCESS]]>
    </line>
    <line>
      <![CDATA[Browser Launched Successfully]]>
    </line>
    <line>
      <![CDATA[createBasicContactTest : Test Execution Failed]]>
    </line>
    <line>
      <![CDATA[createBasicContactTest : Screenshot Captured Successfully]]>
    </line>
    <line>
      <![CDATA[Logged into Application]]>
    </line>
    <line>
      <![CDATA[createContactWithOrganizationTest : Test Execution Started]]>
    </line>
    <line>
      <![CDATA[createContactWithOrganizationTest : Test Execution Success]]>
    </line>
    <line>
      <![CDATA[Logged out from Application]]>
    </line>
    <line>
      <![CDATA[Logged into Application]]>
    </line>
    <line>
      <![CDATA[createContactWithSupportDatesTest : Test Execution Started]]>
    </line>
    <line>
      <![CDATA[createContactWithSupportDatesTest : Test Skipped]]>
    </line>
    <line>
      <![CDATA[Logged out from Application]]>
    </line>
    <line>
      <![CDATA[Logged into Application]]>
    </line>
    <line>
      <![CDATA[createContactWithSupportDatesTest : Test Execution Started]]>
    </line>
    <line>
      <![CDATA[createContactWithSupportDatesTest : Test Skipped]]>
    </line>
    <line>
      <![CDATA[Logged out from Application]]>
    </line>
    <line>
      <![CDATA[Logged into Application]]>
    </line>
    <line>
      <![CDATA[createContactWithSupportDatesTest : Test Execution Started]]>
    </line>
    <line>
      <![CDATA[createContactWithSupportDatesTest : Test Skipped]]>
    </line>
    <line>
      <![CDATA[Logged out from Application]]>
    </line>
    <line>
      <![CDATA[Logged into Application]]>
    </line>
    <line>
      <![CDATA[createContactWithSupportDatesTest : Test Execution Started]]>
    </line>
    <line>
      <![CDATA[createContactWithSupportDatesTest : Test Skipped]]>
    </line>
    <line>
      <![CDATA[Logged out from Application]]>
    </line>
    <line>
      <![CDATA[Logged into Application]]>
    </line>
    <line>
      <![CDATA[createContactWithSupportDatesTest : Test Execution Started]]>
    </line>
    <line>
      <![CDATA[createContactWithSupportDatesTest : Test Skipped]]>
    </line>
    <line>
      <![CDATA[Logged out from Application]]>
    </line>
    <line>
      <![CDATA[Logged into Application]]>
    </line>
    <line>
      <![CDATA[createContactWithSupportDatesTest : Test Execution Started]]>
    </line>
    <line>
      <![CDATA[createContactWithSupportDatesTest : Test Execution Failed]]>
    </line>
    <line>
      <![CDATA[createContactWithSupportDatesTest : Screenshot Captured Successfully]]>
    </line>
    <line>
      <![CDATA[Logged out from Application]]>
    </line>
    <line>
      <![CDATA[Browser Closed]]>
    </line>
    <line>
      <![CDATA[Launching Browser]]>
    </line>
    <line>
      <![CDATA[sdriver initialized: SUCCESS]]>
    </line>
    <line>
      <![CDATA[Browser Launched Successfully]]>
    </line>
    <line>
      <![CDATA[Logged into Application]]>
    </line>
    <line>
      <![CDATA[createOrgTest : Test Execution Started]]>
    </line>
    <line>
      <![CDATA[createOrgTest : Test Execution Success]]>
    </line>
    <line>
      <![CDATA[Logged out from Application]]>
    </line>
    <line>
      <![CDATA[Logged into Application]]>
    </line>
    <line>
      <![CDATA[createOrgWithIndustryAndTypeTest : Test Execution Started]]>
    </line>
    <line>
      <![CDATA[createOrgWithIndustryAndTypeTest : Test Execution Success]]>
    </line>
    <line>
      <![CDATA[Logged out from Application]]>
    </line>
    <line>
      <![CDATA[Logged into Application]]>
    </line>
    <line>
      <![CDATA[createOrgWithPhoneTest : Test Execution Started]]>
    </line>
    <line>
      <![CDATA[createOrgWithPhoneTest : Test Execution Success]]>
    </line>
    <line>
      <![CDATA[Logged out from Application]]>
    </line>
    <line>
      <![CDATA[Browser Closed]]>
    </line>
    <line>
      <![CDATA[Closed Parallel Execution Config]]>
    </line>
    <line>
      <![CDATA[Database Disconnected]]>
    </line>
  </reporter-output>
  <suite started-at="2026-05-08T16:10:01 IST" name="Suite" finished-at="2026-05-08T16:14:09 IST" duration-ms="247964">
    <groups>
      <group name="regression">
        <method signature="ContactModule.createContactWithOrganizationTest(java.util.Map)[pri:0, instance:contactModule.ContactModule@5dda768f]" name="createContactWithOrganizationTest" class="contactModule.ContactModule"/>
        <method signature="ContactModule.createContactWithSupportDatesTest(java.util.Map)[pri:0, instance:contactModule.ContactModule@5dda768f]" name="createContactWithSupportDatesTest" class="contactModule.ContactModule"/>
        <method signature="OrganizationModule.createOrgWithIndustryAndTypeTest(java.util.Map)[pri:0, instance:organizationModule.OrganizationModule@2a5c8d3f]" name="createOrgWithIndustryAndTypeTest" class="organizationModule.OrganizationModule"/>
        <method signature="OrganizationModule.createOrgWithPhoneTest(java.util.Map)[pri:0, instance:organizationModule.OrganizationModule@2a5c8d3f]" name="createOrgWithPhoneTest" class="organizationModule.OrganizationModule"/>
      </group> <!-- regression -->
      <group name="smoke">
        <method signature="ContactModule.createBasicContactTest(java.util.Map)[pri:0, instance:contactModule.ContactModule@5dda768f]" name="createBasicContactTest" class="contactModule.ContactModule"/>
        <method signature="OrganizationModule.createOrgTest(java.util.Map)[pri:0, instance:organizationModule.OrganizationModule@2a5c8d3f]" name="createOrgTest" class="organizationModule.OrganizationModule"/>
      </group> <!-- smoke -->
    </groups>
    <test started-at="2026-05-08T16:10:01 IST" name="Test" finished-at="2026-05-08T16:14:09 IST" duration-ms="247964">
      <class name="organizationModule.OrganizationModule">
        <test-method is-config="true" signature="setUp(java.lang.String)[pri:0, instance:organizationModule.OrganizationModule@2a5c8d3f]" started-at="2026-05-08T16:13:11 IST" name="setUp" finished-at="2026-05-08T16:13:13 IST" duration-ms="2590" status="PASS">
          <params>
            <param index="0">
              <value>
                <![CDATA[chrome]]>
              </value>
            </param>
          </params>
          <reporter-output>
            <line>
              <![CDATA[Launching Browser]]>
            </line>
            <line>
              <![CDATA[sdriver initialized: SUCCESS]]>
            </line>
            <line>
              <![CDATA[Browser Launched Successfully]]>
            </line>
          </reporter-output>
        </test-method> <!-- setUp -->
        <test-method is-config="true" signature="login()[pri:0, instance:organizationModule.OrganizationModule@2a5c8d3f]" started-at="2026-05-08T16:13:13 IST" name="login" finished-at="2026-05-08T16:13:17 IST" duration-ms="3197" status="PASS">
          <reporter-output>
            <line>
              <![CDATA[Logged into Application]]>
            </line>
          </reporter-output>
        </test-method> <!-- login -->
        <test-method signature="createOrgTest(java.util.Map)[pri:0, instance:organizationModule.OrganizationModule@2a5c8d3f]" started-at="2026-05-08T16:13:17 IST" name="createOrgTest" description="Create Org" data-provider="organizationDataProvider" finished-at="2026-05-08T16:13:30 IST" duration-ms="13067" status="PASS">
          <params>
            <param index="0">
              <value>
                <![CDATA[{STATUS=, TC_ID=TC_01, INDUSTRY=Pass, Pass=Pass, SNO=1.0, ORG_NAME=Marvel, TC_DESC=Create Org, PHNO=, TYPE=}]]>
              </value>
            </param>
          </params>
          <reporter-output>
            <line>
              <![CDATA[createOrgTest : Test Execution Started]]>
            </line>
            <line>
              <![CDATA[createOrgTest : Test Execution Success]]>
            </line>
          </reporter-output>
        </test-method> <!-- createOrgTest -->
        <test-method is-config="true" signature="logout()[pri:0, instance:organizationModule.OrganizationModule@2a5c8d3f]" started-at="2026-05-08T16:13:30 IST" name="logout" finished-at="2026-05-08T16:13:32 IST" duration-ms="2411" status="PASS">
          <reporter-output>
            <line>
              <![CDATA[Logged out from Application]]>
            </line>
          </reporter-output>
        </test-method> <!-- logout -->
        <test-method is-config="true" signature="login()[pri:0, instance:organizationModule.OrganizationModule@2a5c8d3f]" started-at="2026-05-08T16:13:32 IST" name="login" finished-at="2026-05-08T16:13:35 IST" duration-ms="2863" status="PASS">
          <reporter-output>
            <line>
              <![CDATA[Logged into Application]]>
            </line>
          </reporter-output>
        </test-method> <!-- login -->
        <test-method signature="createOrgWithIndustryAndTypeTest(java.util.Map)[pri:0, instance:organizationModule.OrganizationModule@2a5c8d3f]" started-at="2026-05-08T16:13:35 IST" name="createOrgWithIndustryAndTypeTest" description="Create Org With Industry and Type" data-provider="organizationDataProvider" finished-at="2026-05-08T16:13:48 IST" duration-ms="13083" status="PASS">
          <params>
            <param index="0">
              <value>
                <![CDATA[{STATUS=Pass, TC_ID=TC_02, INDUSTRY=Construction, Pass=, SNO=2.0, ORG_NAME=Hello, TC_DESC=Create Org With Industry and Type, PHNO=, TYPE=Competitor}]]>
              </value>
            </param>
          </params>
          <reporter-output>
            <line>
              <![CDATA[createOrgWithIndustryAndTypeTest : Test Execution Started]]>
            </line>
            <line>
              <![CDATA[createOrgWithIndustryAndTypeTest : Test Execution Success]]>
            </line>
          </reporter-output>
        </test-method> <!-- createOrgWithIndustryAndTypeTest -->
        <test-method is-config="true" signature="logout()[pri:0, instance:organizationModule.OrganizationModule@2a5c8d3f]" started-at="2026-05-08T16:13:48 IST" name="logout" finished-at="2026-05-08T16:13:51 IST" duration-ms="2432" status="PASS">
          <reporter-output>
            <line>
              <![CDATA[Logged out from Application]]>
            </line>
          </reporter-output>
        </test-method> <!-- logout -->
        <test-method is-config="true" signature="login()[pri:0, instance:organizationModule.OrganizationModule@2a5c8d3f]" started-at="2026-05-08T16:13:51 IST" name="login" finished-at="2026-05-08T16:13:53 IST" duration-ms="2771" status="PASS">
          <reporter-output>
            <line>
              <![CDATA[Logged into Application]]>
            </line>
          </reporter-output>
        </test-method> <!-- login -->
        <test-method signature="createOrgWithPhoneTest(java.util.Map)[pri:0, instance:organizationModule.OrganizationModule@2a5c8d3f]" started-at="2026-05-08T16:13:53 IST" name="createOrgWithPhoneTest" description="Create Org With Phone no" data-provider="organizationDataProvider" finished-at="2026-05-08T16:14:06 IST" duration-ms="12712" status="PASS">
          <params>
            <param index="0">
              <value>
                <![CDATA[{STATUS=Pass, TC_ID=TC_03, INDUSTRY=, Pass=, SNO=3.0, ORG_NAME=Byy, TC_DESC=Create Org With Phone no, PHNO=2.783383839E9, TYPE=}]]>
              </value>
            </param>
          </params>
          <reporter-output>
            <line>
              <![CDATA[createOrgWithPhoneTest : Test Execution Started]]>
            </line>
            <line>
              <![CDATA[createOrgWithPhoneTest : Test Execution Success]]>
            </line>
          </reporter-output>
        </test-method> <!-- createOrgWithPhoneTest -->
        <test-method is-config="true" signature="logout()[pri:0, instance:organizationModule.OrganizationModule@2a5c8d3f]" started-at="2026-05-08T16:14:06 IST" name="logout" finished-at="2026-05-08T16:14:08 IST" duration-ms="2299" status="PASS">
          <reporter-output>
            <line>
              <![CDATA[Logged out from Application]]>
            </line>
          </reporter-output>
        </test-method> <!-- logout -->
        <test-method is-config="true" signature="quitBrowser()[pri:0, instance:organizationModule.OrganizationModule@2a5c8d3f]" started-at="2026-05-08T16:14:08 IST" name="quitBrowser" finished-at="2026-05-08T16:14:09 IST" duration-ms="263" status="PASS">
          <reporter-output>
            <line>
              <![CDATA[Browser Closed]]>
            </line>
          </reporter-output>
        </test-method> <!-- quitBrowser -->
      </class> <!-- organizationModule.OrganizationModule -->
      <class name="contactModule.ContactModule">
        <test-method is-config="true" signature="connectToDatabase()[pri:0, instance:contactModule.ContactModule@5dda768f]" started-at="2026-05-08T16:10:00 IST" name="connectToDatabase" finished-at="2026-05-08T16:10:01 IST" duration-ms="1181" status="PASS">
          <reporter-output>
            <line>
              <![CDATA[Database Connected]]>
            </line>
          </reporter-output>
        </test-method> <!-- connectToDatabase -->
        <test-method is-config="true" signature="configParallelExe()[pri:0, instance:contactModule.ContactModule@5dda768f]" started-at="2026-05-08T16:10:01 IST" name="configParallelExe" finished-at="2026-05-08T16:10:01 IST" duration-ms="1" status="PASS">
          <reporter-output>
            <line>
              <![CDATA[Parallel Execution Configured]]>
            </line>
          </reporter-output>
        </test-method> <!-- configParallelExe -->
        <test-method is-config="true" signature="setUp(java.lang.String)[pri:0, instance:contactModule.ContactModule@5dda768f]" started-at="2026-05-08T16:10:01 IST" name="setUp" finished-at="2026-05-08T16:10:13 IST" duration-ms="12739" status="PASS">
          <params>
            <param index="0">
              <value>
                <![CDATA[chrome]]>
              </value>
            </param>
          </params>
          <reporter-output>
            <line>
              <![CDATA[Launching Browser]]>
            </line>
            <line>
              <![CDATA[sdriver initialized: SUCCESS]]>
            </line>
            <line>
              <![CDATA[Browser Launched Successfully]]>
            </line>
          </reporter-output>
        </test-method> <!-- setUp -->
        <test-method signature="createBasicContactTest(java.util.Map)[pri:0, instance:contactModule.ContactModule@5dda768f]" started-at="2026-05-08T16:10:15 IST" name="createBasicContactTest" description="Create Basic Contact" data-provider="contactDataProvider" finished-at="2026-05-08T16:10:15 IST" duration-ms="0" status="FAIL">
          <exception class="java.lang.RuntimeException">
            <message>
              <![CDATA[java.lang.RuntimeException: ❌ No data found for TC_ID: Create Basic Contact]]>
            </message>
            <full-stacktrace>
              <![CDATA[java.lang.RuntimeException: java.lang.RuntimeException: ❌ No data found for TC_ID: Create Basic Contact
at org.testng.internal.invokers.MethodInvocationHelper.invokeMethodNoCheckedException(MethodInvocationHelper.java:58)
at org.testng.internal.invokers.MethodInvocationHelper.invokeDataProvider(MethodInvocationHelper.java:159)
at org.testng.internal.Parameters.handleParameters(Parameters.java:809)
at org.testng.internal.Parameters.handleParameters(Parameters.java:734)
at org.testng.internal.invokers.ParameterHandler.handleParameters(ParameterHandler.java:72)
at org.testng.internal.invokers.ParameterHandler.createParameters(ParameterHandler.java:51)
at org.testng.internal.invokers.TestInvoker$MethodInvocationAgent.invoke(TestInvoker.java:949)
at org.testng.internal.invokers.TestInvoker.invokeTestMethods(TestInvoker.java:203)
at org.testng.internal.invokers.TestMethodWorker.invokeTestMethods(TestMethodWorker.java:154)
at org.testng.internal.invokers.TestMethodWorker.run(TestMethodWorker.java:134)
at java.base/java.util.ArrayList.forEach(ArrayList.java:1596)
at org.testng.TestRunner.privateRun(TestRunner.java:741)
at org.testng.TestRunner.run(TestRunner.java:616)
at org.testng.SuiteRunner.runTest(SuiteRunner.java:421)
at org.testng.SuiteRunner.runSequentially(SuiteRunner.java:413)
at org.testng.SuiteRunner.privateRun(SuiteRunner.java:373)
at org.testng.SuiteRunner.run(SuiteRunner.java:312)
at org.testng.SuiteRunnerWorker.runSuite(SuiteRunnerWorker.java:52)
at org.testng.SuiteRunnerWorker.run(SuiteRunnerWorker.java:95)
at org.testng.TestNG.runSuitesSequentially(TestNG.java:1274)
at org.testng.TestNG.runSuitesLocally(TestNG.java:1208)
at org.testng.TestNG.runSuites(TestNG.java:1112)
at org.testng.TestNG.run(TestNG.java:1079)
at org.testng.remote.AbstractRemoteTestNG.run(AbstractRemoteTestNG.java:115)
at org.testng.remote.RemoteTestNG.initAndRun(RemoteTestNG.java:293)
at org.testng.remote.RemoteTestNG.main(RemoteTestNG.java:91)
Caused by: java.lang.RuntimeException: ❌ No data found for TC_ID: Create Basic Contact
at dataProviders.ContactDataProvider.getData(ContactDataProvider.java:31)
at java.base/jdk.internal.reflect.DirectMethodHandleAccessor.invoke(DirectMethodHandleAccessor.java:103)
at java.base/java.lang.reflect.Method.invoke(Method.java:580)
at org.testng.internal.invokers.MethodInvocationHelper.invokeMethod(MethodInvocationHelper.java:141)
at org.testng.internal.invokers.MethodInvocationHelper.invokeMethod(MethodInvocationHelper.java:86)
at org.testng.internal.invokers.MethodInvocationHelper.invokeMethodNoCheckedException(MethodInvocationHelper.java:54)
... 25 more
]]>
            </full-stacktrace>
          </exception> <!-- java.lang.RuntimeException -->
          <reporter-output>
          </reporter-output>
        </test-method> <!-- createBasicContactTest -->
        <test-method is-config="true" signature="login()[pri:0, instance:contactModule.ContactModule@5dda768f]" started-at="2026-05-08T16:10:15 IST" name="login" finished-at="2026-05-08T16:10:29 IST" duration-ms="13892" status="PASS">
          <reporter-output>
            <line>
              <![CDATA[Logged into Application]]>
            </line>
          </reporter-output>
        </test-method> <!-- login -->
        <test-method signature="createContactWithOrganizationTest(java.util.Map)[pri:0, instance:contactModule.ContactModule@5dda768f]" started-at="2026-05-08T16:10:29 IST" name="createContactWithOrganizationTest" description="Create Contact With Organization" data-provider="contactDataProvider" finished-at="2026-05-08T16:11:18 IST" duration-ms="49099" status="PASS">
          <params>
            <param index="0">
              <value>
                <![CDATA[{CONTACT_NAME=Ram, SUPPORT_END_DATE=, STATUS=Pass, TC_ID=TC_02, Pass=Pass, ORG_NAME=Marvel35, TC_DESC=Create Contact With Organization, SLNO=2.0}]]>
              </value>
            </param>
          </params>
          <reporter-output>
            <line>
              <![CDATA[createContactWithOrganizationTest : Test Execution Started]]>
            </line>
            <line>
              <![CDATA[createContactWithOrganizationTest : Test Execution Success]]>
            </line>
          </reporter-output>
        </test-method> <!-- createContactWithOrganizationTest -->
        <test-method is-config="true" signature="logout()[pri:0, instance:contactModule.ContactModule@5dda768f]" started-at="2026-05-08T16:11:18 IST" name="logout" finished-at="2026-05-08T16:11:22 IST" duration-ms="3506" status="PASS">
          <reporter-output>
            <line>
              <![CDATA[Logged out from Application]]>
            </line>
          </reporter-output>
        </test-method> <!-- logout -->
        <test-method is-config="true" signature="login()[pri:0, instance:contactModule.ContactModule@5dda768f]" started-at="2026-05-08T16:11:22 IST" name="login" finished-at="2026-05-08T16:11:25 IST" duration-ms="2968" status="PASS">
          <reporter-output>
            <line>
              <![CDATA[Logged into Application]]>
            </line>
          </reporter-output>
        </test-method> <!-- login -->
        <test-method retried="true" signature="createContactWithSupportDatesTest(java.util.Map)[pri:0, instance:contactModule.ContactModule@5dda768f]" started-at="2026-05-08T16:11:25 IST" name="createContactWithSupportDatesTest" description="Create Contact With Support Dates" data-provider="contactDataProvider" finished-at="2026-05-08T16:11:37 IST" duration-ms="12470" status="SKIP">
          <params>
            <param index="0">
              <value>
                <![CDATA[{CONTACT_NAME=Amar, SUPPORT_END_DATE=2026-05-31, STATUS=Pass, TC_ID=TC_03, Pass=2026-04-28, ORG_NAME=Hello497, TC_DESC=Create Contact With Support Dates, SLNO=3.0}]]>
              </value>
            </param>
          </params>
          <exception class="java.lang.IllegalArgumentException">
            <message>
              <![CDATA[Keys to send should be a not null CharSequence]]>
            </message>
            <full-stacktrace>
              <![CDATA[java.lang.IllegalArgumentException: Keys to send should be a not null CharSequence
at org.openqa.selenium.remote.RemoteWebElement.sendKeys(RemoteWebElement.java:96)
at java.base/jdk.internal.reflect.DirectMethodHandleAccessor.invoke(DirectMethodHandleAccessor.java:103)
at java.base/java.lang.reflect.Method.invoke(Method.java:580)
at org.openqa.selenium.support.pagefactory.internal.LocatingElementHandler.invoke(LocatingElementHandler.java:51)
at jdk.proxy2/jdk.proxy2.$Proxy22.sendKeys(Unknown Source)
at contactModule.ContactModule.createContactWithSupportDatesTest(ContactModule.java:185)
at java.base/jdk.internal.reflect.DirectMethodHandleAccessor.invoke(DirectMethodHandleAccessor.java:103)
at java.base/java.lang.reflect.Method.invoke(Method.java:580)
at org.testng.internal.invokers.MethodInvocationHelper.invokeMethod(MethodInvocationHelper.java:141)
at org.testng.internal.invokers.TestInvoker.invokeMethod(TestInvoker.java:687)
at org.testng.internal.invokers.TestInvoker.invokeTestMethod(TestInvoker.java:230)
at org.testng.internal.invokers.MethodRunner.runInSequence(MethodRunner.java:63)
at org.testng.internal.invokers.TestInvoker$MethodInvocationAgent.invoke(TestInvoker.java:995)
at org.testng.internal.invokers.TestInvoker.invokeTestMethods(TestInvoker.java:203)
at org.testng.internal.invokers.TestMethodWorker.invokeTestMethods(TestMethodWorker.java:154)
at org.testng.internal.invokers.TestMethodWorker.run(TestMethodWorker.java:134)
at java.base/java.util.ArrayList.forEach(ArrayList.java:1596)
at org.testng.TestRunner.privateRun(TestRunner.java:741)
at org.testng.TestRunner.run(TestRunner.java:616)
at org.testng.SuiteRunner.runTest(SuiteRunner.java:421)
at org.testng.SuiteRunner.runSequentially(SuiteRunner.java:413)
at org.testng.SuiteRunner.privateRun(SuiteRunner.java:373)
at org.testng.SuiteRunner.run(SuiteRunner.java:312)
at org.testng.SuiteRunnerWorker.runSuite(SuiteRunnerWorker.java:52)
at org.testng.SuiteRunnerWorker.run(SuiteRunnerWorker.java:95)
at org.testng.TestNG.runSuitesSequentially(TestNG.java:1274)
at org.testng.TestNG.runSuitesLocally(TestNG.java:1208)
at org.testng.TestNG.runSuites(TestNG.java:1112)
at org.testng.TestNG.run(TestNG.java:1079)
at org.testng.remote.AbstractRemoteTestNG.run(AbstractRemoteTestNG.java:115)
at org.testng.remote.RemoteTestNG.initAndRun(RemoteTestNG.java:293)
at org.testng.remote.RemoteTestNG.main(RemoteTestNG.java:91)
]]>
            </full-stacktrace>
          </exception> <!-- java.lang.IllegalArgumentException -->
          <reporter-output>
            <line>
              <![CDATA[createContactWithSupportDatesTest : Test Execution Started]]>
            </line>
            <line>
              <![CDATA[createContactWithSupportDatesTest : Test Skipped]]>
            </line>
          </reporter-output>
        </test-method> <!-- createContactWithSupportDatesTest -->
        <test-method is-config="true" signature="logout()[pri:0, instance:contactModule.ContactModule@5dda768f]" started-at="2026-05-08T16:11:37 IST" name="logout" finished-at="2026-05-08T16:11:40 IST" duration-ms="2746" status="PASS">
          <reporter-output>
            <line>
              <![CDATA[Logged out from Application]]>
            </line>
          </reporter-output>
        </test-method> <!-- logout -->
        <test-method is-config="true" signature="login()[pri:0, instance:contactModule.ContactModule@5dda768f]" started-at="2026-05-08T16:11:40 IST" name="login" finished-at="2026-05-08T16:11:43 IST" duration-ms="2910" status="PASS">
          <reporter-output>
            <line>
              <![CDATA[Logged into Application]]>
            </line>
          </reporter-output>
        </test-method> <!-- login -->
        <test-method retried="true" signature="createContactWithSupportDatesTest(java.util.Map)[pri:0, instance:contactModule.ContactModule@5dda768f]" started-at="2026-05-08T16:11:43 IST" name="createContactWithSupportDatesTest" description="Create Contact With Support Dates" data-provider="contactDataProvider" finished-at="2026-05-08T16:11:55 IST" duration-ms="12346" status="SKIP">
          <params>
            <param index="0">
              <value>
                <![CDATA[{CONTACT_NAME=Amar, SUPPORT_END_DATE=2026-05-31, STATUS=Pass, TC_ID=TC_03, Pass=2026-04-28, ORG_NAME=Hello497, TC_DESC=Create Contact With Support Dates, SLNO=3.0}]]>
              </value>
            </param>
          </params>
          <exception class="java.lang.IllegalArgumentException">
            <message>
              <![CDATA[Keys to send should be a not null CharSequence]]>
            </message>
            <full-stacktrace>
              <![CDATA[java.lang.IllegalArgumentException: Keys to send should be a not null CharSequence
at org.openqa.selenium.remote.RemoteWebElement.sendKeys(RemoteWebElement.java:96)
at java.base/jdk.internal.reflect.DirectMethodHandleAccessor.invoke(DirectMethodHandleAccessor.java:103)
at java.base/java.lang.reflect.Method.invoke(Method.java:580)
at org.openqa.selenium.support.pagefactory.internal.LocatingElementHandler.invoke(LocatingElementHandler.java:51)
at jdk.proxy2/jdk.proxy2.$Proxy22.sendKeys(Unknown Source)
at contactModule.ContactModule.createContactWithSupportDatesTest(ContactModule.java:185)
at java.base/jdk.internal.reflect.DirectMethodHandleAccessor.invoke(DirectMethodHandleAccessor.java:103)
at java.base/java.lang.reflect.Method.invoke(Method.java:580)
at org.testng.internal.invokers.MethodInvocationHelper.invokeMethod(MethodInvocationHelper.java:141)
at org.testng.internal.invokers.TestInvoker.invokeMethod(TestInvoker.java:687)
at org.testng.internal.invokers.TestInvoker.retryFailed(TestInvoker.java:269)
at org.testng.internal.invokers.MethodRunner.runInSequence(MethodRunner.java:76)
at org.testng.internal.invokers.TestInvoker$MethodInvocationAgent.invoke(TestInvoker.java:995)
at org.testng.internal.invokers.TestInvoker.invokeTestMethods(TestInvoker.java:203)
at org.testng.internal.invokers.TestMethodWorker.invokeTestMethods(TestMethodWorker.java:154)
at org.testng.internal.invokers.TestMethodWorker.run(TestMethodWorker.java:134)
at java.base/java.util.ArrayList.forEach(ArrayList.java:1596)
at org.testng.TestRunner.privateRun(TestRunner.java:741)
at org.testng.TestRunner.run(TestRunner.java:616)
at org.testng.SuiteRunner.runTest(SuiteRunner.java:421)
at org.testng.SuiteRunner.runSequentially(SuiteRunner.java:413)
at org.testng.SuiteRunner.privateRun(SuiteRunner.java:373)
at org.testng.SuiteRunner.run(SuiteRunner.java:312)
at org.testng.SuiteRunnerWorker.runSuite(SuiteRunnerWorker.java:52)
at org.testng.SuiteRunnerWorker.run(SuiteRunnerWorker.java:95)
at org.testng.TestNG.runSuitesSequentially(TestNG.java:1274)
at org.testng.TestNG.runSuitesLocally(TestNG.java:1208)
at org.testng.TestNG.runSuites(TestNG.java:1112)
at org.testng.TestNG.run(TestNG.java:1079)
at org.testng.remote.AbstractRemoteTestNG.run(AbstractRemoteTestNG.java:115)
at org.testng.remote.RemoteTestNG.initAndRun(RemoteTestNG.java:293)
at org.testng.remote.RemoteTestNG.main(RemoteTestNG.java:91)
]]>
            </full-stacktrace>
          </exception> <!-- java.lang.IllegalArgumentException -->
          <reporter-output>
            <line>
              <![CDATA[createContactWithSupportDatesTest : Test Execution Started]]>
            </line>
            <line>
              <![CDATA[createContactWithSupportDatesTest : Test Skipped]]>
            </line>
          </reporter-output>
        </test-method> <!-- createContactWithSupportDatesTest -->
        <test-method is-config="true" signature="logout()[pri:0, instance:contactModule.ContactModule@5dda768f]" started-at="2026-05-08T16:11:55 IST" name="logout" finished-at="2026-05-08T16:11:58 IST" duration-ms="2744" status="PASS">
          <reporter-output>
            <line>
              <![CDATA[Logged out from Application]]>
            </line>
          </reporter-output>
        </test-method> <!-- logout -->
        <test-method is-config="true" signature="login()[pri:0, instance:contactModule.ContactModule@5dda768f]" started-at="2026-05-08T16:11:58 IST" name="login" finished-at="2026-05-08T16:12:02 IST" duration-ms="3511" status="PASS">
          <reporter-output>
            <line>
              <![CDATA[Logged into Application]]>
            </line>
          </reporter-output>
        </test-method> <!-- login -->
        <test-method retried="true" signature="createContactWithSupportDatesTest(java.util.Map)[pri:0, instance:contactModule.ContactModule@5dda768f]" started-at="2026-05-08T16:12:02 IST" name="createContactWithSupportDatesTest" description="Create Contact With Support Dates" data-provider="contactDataProvider" finished-at="2026-05-08T16:12:14 IST" duration-ms="12573" status="SKIP">
          <params>
            <param index="0">
              <value>
                <![CDATA[{CONTACT_NAME=Amar, SUPPORT_END_DATE=2026-05-31, STATUS=Pass, TC_ID=TC_03, Pass=2026-04-28, ORG_NAME=Hello497, TC_DESC=Create Contact With Support Dates, SLNO=3.0}]]>
              </value>
            </param>
          </params>
          <exception class="java.lang.IllegalArgumentException">
            <message>
              <![CDATA[Keys to send should be a not null CharSequence]]>
            </message>
            <full-stacktrace>
              <![CDATA[java.lang.IllegalArgumentException: Keys to send should be a not null CharSequence
at org.openqa.selenium.remote.RemoteWebElement.sendKeys(RemoteWebElement.java:96)
at java.base/jdk.internal.reflect.DirectMethodHandleAccessor.invoke(DirectMethodHandleAccessor.java:103)
at java.base/java.lang.reflect.Method.invoke(Method.java:580)
at org.openqa.selenium.support.pagefactory.internal.LocatingElementHandler.invoke(LocatingElementHandler.java:51)
at jdk.proxy2/jdk.proxy2.$Proxy22.sendKeys(Unknown Source)
at contactModule.ContactModule.createContactWithSupportDatesTest(ContactModule.java:185)
at java.base/jdk.internal.reflect.DirectMethodHandleAccessor.invoke(DirectMethodHandleAccessor.java:103)
at java.base/java.lang.reflect.Method.invoke(Method.java:580)
at org.testng.internal.invokers.MethodInvocationHelper.invokeMethod(MethodInvocationHelper.java:141)
at org.testng.internal.invokers.TestInvoker.invokeMethod(TestInvoker.java:687)
at org.testng.internal.invokers.TestInvoker.retryFailed(TestInvoker.java:269)
at org.testng.internal.invokers.MethodRunner.runInSequence(MethodRunner.java:76)
at org.testng.internal.invokers.TestInvoker$MethodInvocationAgent.invoke(TestInvoker.java:995)
at org.testng.internal.invokers.TestInvoker.invokeTestMethods(TestInvoker.java:203)
at org.testng.internal.invokers.TestMethodWorker.invokeTestMethods(TestMethodWorker.java:154)
at org.testng.internal.invokers.TestMethodWorker.run(TestMethodWorker.java:134)
at java.base/java.util.ArrayList.forEach(ArrayList.java:1596)
at org.testng.TestRunner.privateRun(TestRunner.java:741)
at org.testng.TestRunner.run(TestRunner.java:616)
at org.testng.SuiteRunner.runTest(SuiteRunner.java:421)
at org.testng.SuiteRunner.runSequentially(SuiteRunner.java:413)
at org.testng.SuiteRunner.privateRun(SuiteRunner.java:373)
at org.testng.SuiteRunner.run(SuiteRunner.java:312)
at org.testng.SuiteRunnerWorker.runSuite(SuiteRunnerWorker.java:52)
at org.testng.SuiteRunnerWorker.run(SuiteRunnerWorker.java:95)
at org.testng.TestNG.runSuitesSequentially(TestNG.java:1274)
at org.testng.TestNG.runSuitesLocally(TestNG.java:1208)
at org.testng.TestNG.runSuites(TestNG.java:1112)
at org.testng.TestNG.run(TestNG.java:1079)
at org.testng.remote.AbstractRemoteTestNG.run(AbstractRemoteTestNG.java:115)
at org.testng.remote.RemoteTestNG.initAndRun(RemoteTestNG.java:293)
at org.testng.remote.RemoteTestNG.main(RemoteTestNG.java:91)
]]>
            </full-stacktrace>
          </exception> <!-- java.lang.IllegalArgumentException -->
          <reporter-output>
            <line>
              <![CDATA[createContactWithSupportDatesTest : Test Execution Started]]>
            </line>
            <line>
              <![CDATA[createContactWithSupportDatesTest : Test Skipped]]>
            </line>
          </reporter-output>
        </test-method> <!-- createContactWithSupportDatesTest -->
        <test-method is-config="true" signature="logout()[pri:0, instance:contactModule.ContactModule@5dda768f]" started-at="2026-05-08T16:12:14 IST" name="logout" finished-at="2026-05-08T16:12:17 IST" duration-ms="2550" status="PASS">
          <reporter-output>
            <line>
              <![CDATA[Logged out from Application]]>
            </line>
          </reporter-output>
        </test-method> <!-- logout -->
        <test-method is-config="true" signature="login()[pri:0, instance:contactModule.ContactModule@5dda768f]" started-at="2026-05-08T16:12:17 IST" name="login" finished-at="2026-05-08T16:12:19 IST" duration-ms="2628" status="PASS">
          <reporter-output>
            <line>
              <![CDATA[Logged into Application]]>
            </line>
          </reporter-output>
        </test-method> <!-- login -->
        <test-method retried="true" signature="createContactWithSupportDatesTest(java.util.Map)[pri:0, instance:contactModule.ContactModule@5dda768f]" started-at="2026-05-08T16:12:19 IST" name="createContactWithSupportDatesTest" description="Create Contact With Support Dates" data-provider="contactDataProvider" finished-at="2026-05-08T16:12:31 IST" duration-ms="12030" status="SKIP">
          <params>
            <param index="0">
              <value>
                <![CDATA[{CONTACT_NAME=Amar, SUPPORT_END_DATE=2026-05-31, STATUS=Pass, TC_ID=TC_03, Pass=2026-04-28, ORG_NAME=Hello497, TC_DESC=Create Contact With Support Dates, SLNO=3.0}]]>
              </value>
            </param>
          </params>
          <exception class="java.lang.IllegalArgumentException">
            <message>
              <![CDATA[Keys to send should be a not null CharSequence]]>
            </message>
            <full-stacktrace>
              <![CDATA[java.lang.IllegalArgumentException: Keys to send should be a not null CharSequence
at org.openqa.selenium.remote.RemoteWebElement.sendKeys(RemoteWebElement.java:96)
at java.base/jdk.internal.reflect.DirectMethodHandleAccessor.invoke(DirectMethodHandleAccessor.java:103)
at java.base/java.lang.reflect.Method.invoke(Method.java:580)
at org.openqa.selenium.support.pagefactory.internal.LocatingElementHandler.invoke(LocatingElementHandler.java:51)
at jdk.proxy2/jdk.proxy2.$Proxy22.sendKeys(Unknown Source)
at contactModule.ContactModule.createContactWithSupportDatesTest(ContactModule.java:185)
at java.base/jdk.internal.reflect.DirectMethodHandleAccessor.invoke(DirectMethodHandleAccessor.java:103)
at java.base/java.lang.reflect.Method.invoke(Method.java:580)
at org.testng.internal.invokers.MethodInvocationHelper.invokeMethod(MethodInvocationHelper.java:141)
at org.testng.internal.invokers.TestInvoker.invokeMethod(TestInvoker.java:687)
at org.testng.internal.invokers.TestInvoker.retryFailed(TestInvoker.java:269)
at org.testng.internal.invokers.MethodRunner.runInSequence(MethodRunner.java:76)
at org.testng.internal.invokers.TestInvoker$MethodInvocationAgent.invoke(TestInvoker.java:995)
at org.testng.internal.invokers.TestInvoker.invokeTestMethods(TestInvoker.java:203)
at org.testng.internal.invokers.TestMethodWorker.invokeTestMethods(TestMethodWorker.java:154)
at org.testng.internal.invokers.TestMethodWorker.run(TestMethodWorker.java:134)
at java.base/java.util.ArrayList.forEach(ArrayList.java:1596)
at org.testng.TestRunner.privateRun(TestRunner.java:741)
at org.testng.TestRunner.run(TestRunner.java:616)
at org.testng.SuiteRunner.runTest(SuiteRunner.java:421)
at org.testng.SuiteRunner.runSequentially(SuiteRunner.java:413)
at org.testng.SuiteRunner.privateRun(SuiteRunner.java:373)
at org.testng.SuiteRunner.run(SuiteRunner.java:312)
at org.testng.SuiteRunnerWorker.runSuite(SuiteRunnerWorker.java:52)
at org.testng.SuiteRunnerWorker.run(SuiteRunnerWorker.java:95)
at org.testng.TestNG.runSuitesSequentially(TestNG.java:1274)
at org.testng.TestNG.runSuitesLocally(TestNG.java:1208)
at org.testng.TestNG.runSuites(TestNG.java:1112)
at org.testng.TestNG.run(TestNG.java:1079)
at org.testng.remote.AbstractRemoteTestNG.run(AbstractRemoteTestNG.java:115)
at org.testng.remote.RemoteTestNG.initAndRun(RemoteTestNG.java:293)
at org.testng.remote.RemoteTestNG.main(RemoteTestNG.java:91)
]]>
            </full-stacktrace>
          </exception> <!-- java.lang.IllegalArgumentException -->
          <reporter-output>
            <line>
              <![CDATA[createContactWithSupportDatesTest : Test Execution Started]]>
            </line>
            <line>
              <![CDATA[createContactWithSupportDatesTest : Test Skipped]]>
            </line>
          </reporter-output>
        </test-method> <!-- createContactWithSupportDatesTest -->
        <test-method is-config="true" signature="logout()[pri:0, instance:contactModule.ContactModule@5dda768f]" started-at="2026-05-08T16:12:31 IST" name="logout" finished-at="2026-05-08T16:12:34 IST" duration-ms="2746" status="PASS">
          <reporter-output>
            <line>
              <![CDATA[Logged out from Application]]>
            </line>
          </reporter-output>
        </test-method> <!-- logout -->
        <test-method is-config="true" signature="login()[pri:0, instance:contactModule.ContactModule@5dda768f]" started-at="2026-05-08T16:12:34 IST" name="login" finished-at="2026-05-08T16:12:37 IST" duration-ms="2854" status="PASS">
          <reporter-output>
            <line>
              <![CDATA[Logged into Application]]>
            </line>
          </reporter-output>
        </test-method> <!-- login -->
        <test-method retried="true" signature="createContactWithSupportDatesTest(java.util.Map)[pri:0, instance:contactModule.ContactModule@5dda768f]" started-at="2026-05-08T16:12:37 IST" name="createContactWithSupportDatesTest" description="Create Contact With Support Dates" data-provider="contactDataProvider" finished-at="2026-05-08T16:12:49 IST" duration-ms="12279" status="SKIP">
          <params>
            <param index="0">
              <value>
                <![CDATA[{CONTACT_NAME=Amar, SUPPORT_END_DATE=2026-05-31, STATUS=Pass, TC_ID=TC_03, Pass=2026-04-28, ORG_NAME=Hello497, TC_DESC=Create Contact With Support Dates, SLNO=3.0}]]>
              </value>
            </param>
          </params>
          <exception class="java.lang.IllegalArgumentException">
            <message>
              <![CDATA[Keys to send should be a not null CharSequence]]>
            </message>
            <full-stacktrace>
              <![CDATA[java.lang.IllegalArgumentException: Keys to send should be a not null CharSequence
at org.openqa.selenium.remote.RemoteWebElement.sendKeys(RemoteWebElement.java:96)
at java.base/jdk.internal.reflect.DirectMethodHandleAccessor.invoke(DirectMethodHandleAccessor.java:103)
at java.base/java.lang.reflect.Method.invoke(Method.java:580)
at org.openqa.selenium.support.pagefactory.internal.LocatingElementHandler.invoke(LocatingElementHandler.java:51)
at jdk.proxy2/jdk.proxy2.$Proxy22.sendKeys(Unknown Source)
at contactModule.ContactModule.createContactWithSupportDatesTest(ContactModule.java:185)
at java.base/jdk.internal.reflect.DirectMethodHandleAccessor.invoke(DirectMethodHandleAccessor.java:103)
at java.base/java.lang.reflect.Method.invoke(Method.java:580)
at org.testng.internal.invokers.MethodInvocationHelper.invokeMethod(MethodInvocationHelper.java:141)
at org.testng.internal.invokers.TestInvoker.invokeMethod(TestInvoker.java:687)
at org.testng.internal.invokers.TestInvoker.retryFailed(TestInvoker.java:269)
at org.testng.internal.invokers.MethodRunner.runInSequence(MethodRunner.java:76)
at org.testng.internal.invokers.TestInvoker$MethodInvocationAgent.invoke(TestInvoker.java:995)
at org.testng.internal.invokers.TestInvoker.invokeTestMethods(TestInvoker.java:203)
at org.testng.internal.invokers.TestMethodWorker.invokeTestMethods(TestMethodWorker.java:154)
at org.testng.internal.invokers.TestMethodWorker.run(TestMethodWorker.java:134)
at java.base/java.util.ArrayList.forEach(ArrayList.java:1596)
at org.testng.TestRunner.privateRun(TestRunner.java:741)
at org.testng.TestRunner.run(TestRunner.java:616)
at org.testng.SuiteRunner.runTest(SuiteRunner.java:421)
at org.testng.SuiteRunner.runSequentially(SuiteRunner.java:413)
at org.testng.SuiteRunner.privateRun(SuiteRunner.java:373)
at org.testng.SuiteRunner.run(SuiteRunner.java:312)
at org.testng.SuiteRunnerWorker.runSuite(SuiteRunnerWorker.java:52)
at org.testng.SuiteRunnerWorker.run(SuiteRunnerWorker.java:95)
at org.testng.TestNG.runSuitesSequentially(TestNG.java:1274)
at org.testng.TestNG.runSuitesLocally(TestNG.java:1208)
at org.testng.TestNG.runSuites(TestNG.java:1112)
at org.testng.TestNG.run(TestNG.java:1079)
at org.testng.remote.AbstractRemoteTestNG.run(AbstractRemoteTestNG.java:115)
at org.testng.remote.RemoteTestNG.initAndRun(RemoteTestNG.java:293)
at org.testng.remote.RemoteTestNG.main(RemoteTestNG.java:91)
]]>
            </full-stacktrace>
          </exception> <!-- java.lang.IllegalArgumentException -->
          <reporter-output>
            <line>
              <![CDATA[createContactWithSupportDatesTest : Test Execution Started]]>
            </line>
            <line>
              <![CDATA[createContactWithSupportDatesTest : Test Skipped]]>
            </line>
          </reporter-output>
        </test-method> <!-- createContactWithSupportDatesTest -->
        <test-method is-config="true" signature="logout()[pri:0, instance:contactModule.ContactModule@5dda768f]" started-at="2026-05-08T16:12:49 IST" name="logout" finished-at="2026-05-08T16:12:52 IST" duration-ms="2758" status="PASS">
          <reporter-output>
            <line>
              <![CDATA[Logged out from Application]]>
            </line>
          </reporter-output>
        </test-method> <!-- logout -->
        <test-method is-config="true" signature="login()[pri:0, instance:contactModule.ContactModule@5dda768f]" started-at="2026-05-08T16:12:52 IST" name="login" finished-at="2026-05-08T16:12:55 IST" duration-ms="2875" status="PASS">
          <reporter-output>
            <line>
              <![CDATA[Logged into Application]]>
            </line>
          </reporter-output>
        </test-method> <!-- login -->
        <test-method signature="createContactWithSupportDatesTest(java.util.Map)[pri:0, instance:contactModule.ContactModule@5dda768f]" started-at="2026-05-08T16:12:55 IST" name="createContactWithSupportDatesTest" description="Create Contact With Support Dates" data-provider="contactDataProvider" finished-at="2026-05-08T16:13:07 IST" duration-ms="12329" status="FAIL">
          <params>
            <param index="0">
              <value>
                <![CDATA[{CONTACT_NAME=Amar, SUPPORT_END_DATE=2026-05-31, STATUS=Pass, TC_ID=TC_03, Pass=2026-04-28, ORG_NAME=Hello497, TC_DESC=Create Contact With Support Dates, SLNO=3.0}]]>
              </value>
            </param>
          </params>
          <exception class="java.lang.IllegalArgumentException">
            <message>
              <![CDATA[Keys to send should be a not null CharSequence]]>
            </message>
            <full-stacktrace>
              <![CDATA[java.lang.IllegalArgumentException: Keys to send should be a not null CharSequence
at org.openqa.selenium.remote.RemoteWebElement.sendKeys(RemoteWebElement.java:96)
at java.base/jdk.internal.reflect.DirectMethodHandleAccessor.invoke(DirectMethodHandleAccessor.java:103)
at java.base/java.lang.reflect.Method.invoke(Method.java:580)
at org.openqa.selenium.support.pagefactory.internal.LocatingElementHandler.invoke(LocatingElementHandler.java:51)
at jdk.proxy2/jdk.proxy2.$Proxy22.sendKeys(Unknown Source)
at contactModule.ContactModule.createContactWithSupportDatesTest(ContactModule.java:185)
at java.base/jdk.internal.reflect.DirectMethodHandleAccessor.invoke(DirectMethodHandleAccessor.java:103)
at java.base/java.lang.reflect.Method.invoke(Method.java:580)
at org.testng.internal.invokers.MethodInvocationHelper.invokeMethod(MethodInvocationHelper.java:141)
at org.testng.internal.invokers.TestInvoker.invokeMethod(TestInvoker.java:687)
at org.testng.internal.invokers.TestInvoker.retryFailed(TestInvoker.java:269)
at org.testng.internal.invokers.MethodRunner.runInSequence(MethodRunner.java:76)
at org.testng.internal.invokers.TestInvoker$MethodInvocationAgent.invoke(TestInvoker.java:995)
at org.testng.internal.invokers.TestInvoker.invokeTestMethods(TestInvoker.java:203)
at org.testng.internal.invokers.TestMethodWorker.invokeTestMethods(TestMethodWorker.java:154)
at org.testng.internal.invokers.TestMethodWorker.run(TestMethodWorker.java:134)
at java.base/java.util.ArrayList.forEach(ArrayList.java:1596)
at org.testng.TestRunner.privateRun(TestRunner.java:741)
at org.testng.TestRunner.run(TestRunner.java:616)
at org.testng.SuiteRunner.runTest(SuiteRunner.java:421)
at org.testng.SuiteRunner.runSequentially(SuiteRunner.java:413)
at org.testng.SuiteRunner.privateRun(SuiteRunner.java:373)
at org.testng.SuiteRunner.run(SuiteRunner.java:312)
at org.testng.SuiteRunnerWorker.runSuite(SuiteRunnerWorker.java:52)
at org.testng.SuiteRunnerWorker.run(SuiteRunnerWorker.java:95)
at org.testng.TestNG.runSuitesSequentially(TestNG.java:1274)
at org.testng.TestNG.runSuitesLocally(TestNG.java:1208)
at org.testng.TestNG.runSuites(TestNG.java:1112)
at org.testng.TestNG.run(TestNG.java:1079)
at org.testng.remote.AbstractRemoteTestNG.run(AbstractRemoteTestNG.java:115)
at org.testng.remote.RemoteTestNG.initAndRun(RemoteTestNG.java:293)
at org.testng.remote.RemoteTestNG.main(RemoteTestNG.java:91)
]]>
            </full-stacktrace>
          </exception> <!-- java.lang.IllegalArgumentException -->
          <reporter-output>
            <line>
              <![CDATA[createContactWithSupportDatesTest : Test Execution Started]]>
            </line>
            <line>
              <![CDATA[createContactWithSupportDatesTest : Test Execution Failed]]>
            </line>
            <line>
              <![CDATA[createContactWithSupportDatesTest : Screenshot Captured Successfully]]>
            </line>
          </reporter-output>
        </test-method> <!-- createContactWithSupportDatesTest -->
        <test-method is-config="true" signature="logout()[pri:0, instance:contactModule.ContactModule@5dda768f]" started-at="2026-05-08T16:13:07 IST" name="logout" finished-at="2026-05-08T16:13:10 IST" duration-ms="2937" status="PASS">
          <reporter-output>
            <line>
              <![CDATA[Logged out from Application]]>
            </line>
          </reporter-output>
        </test-method> <!-- logout -->
        <test-method is-config="true" signature="quitBrowser()[pri:0, instance:contactModule.ContactModule@5dda768f]" started-at="2026-05-08T16:13:10 IST" name="quitBrowser" finished-at="2026-05-08T16:13:11 IST" duration-ms="358" status="PASS">
          <reporter-output>
            <line>
              <![CDATA[Browser Closed]]>
            </line>
          </reporter-output>
        </test-method> <!-- quitBrowser -->
        <test-method is-config="true" signature="closeConfigPE()[pri:0, instance:contactModule.ContactModule@5dda768f]" started-at="2026-05-08T16:14:09 IST" name="closeConfigPE" finished-at="2026-05-08T16:14:09 IST" duration-ms="0" status="PASS">
          <reporter-output>
            <line>
              <![CDATA[Closed Parallel Execution Config]]>
            </line>
          </reporter-output>
        </test-method> <!-- closeConfigPE -->
        <test-method is-config="true" signature="disconnectDB()[pri:0, instance:contactModule.ContactModule@5dda768f]" started-at="2026-05-08T16:14:09 IST" name="disconnectDB" finished-at="2026-05-08T16:14:09 IST" duration-ms="5" status="PASS">
          <reporter-output>
            <line>
              <![CDATA[Database Disconnected]]>
            </line>
          </reporter-output>
        </test-method> <!-- disconnectDB -->
      </class> <!-- contactModule.ContactModule -->
    </test> <!-- Test -->
  </suite> <!-- Suite -->
</testng-results>
