<?xml version="1.0" encoding="UTF-8"?>
<!-- Generated by org.testng.reporters.JUnitXMLReporter -->
<testsuite ignored="4" hostname="DESKTOP-76Q9I9I" failures="1" tests="6" name="Chrome Tests" time="124.686" errors="0" timestamp="2026-05-07T10:18:29 IST">
  <testcase classname="base.BaseClass" name="@BeforeClass setUp" time="0.028">
    <failure type="java.lang.NumberFormatException" message="Cannot parse null string">
      <![CDATA[java.lang.NumberFormatException: Cannot parse null string
at java.base/java.lang.Long.parseLong(Long.java:672)
at java.base/java.lang.Long.parseLong(Long.java:832)
at base.BaseClass.setUp(BaseClass.java:69)
at java.base/java.util.ArrayList.forEach(ArrayList.java:1596)
at java.base/java.util.concurrent.FutureTask.run(FutureTask.java:317)
at java.base/java.util.concurrent.ThreadPoolExecutor.runWorker(ThreadPoolExecutor.java:1144)
at java.base/java.util.concurrent.ThreadPoolExecutor$Worker.run(ThreadPoolExecutor.java:642)
at java.base/java.lang.Thread.run(Thread.java:1583)
... Removed 13 stack frames]]>
    </failure>
  </testcase> <!-- @BeforeClass setUp -->
  <testcase classname="base.BaseClass" name="@BeforeMethod login" time="0.0">
    <skipped/>
  </testcase> <!-- @BeforeMethod login -->
  <testcase classname="base.BaseClass" name="@AfterMethod logout" time="0.0">
    <skipped/>
  </testcase> <!-- @AfterMethod logout -->
  <testcase classname="base.BaseClass" name="@BeforeMethod login" time="0.0">
    <skipped/>
  </testcase> <!-- @BeforeMethod login -->
  <testcase classname="base.BaseClass" name="@AfterMethod logout" time="0.0">
    <skipped/>
  </testcase> <!-- @AfterMethod logout -->
  <testcase classname="base.BaseClass" name="@BeforeMethod login" time="0.0">
    <skipped/>
  </testcase> <!-- @BeforeMethod login -->
  <testcase classname="base.BaseClass" name="@AfterMethod logout" time="0.0">
    <skipped/>
  </testcase> <!-- @AfterMethod logout -->
  <testcase classname="base.BaseClass" name="@AfterClass quitBrowser" time="0.0">
    <skipped/>
  </testcase> <!-- @AfterClass quitBrowser -->
  <testcase classname="contactModule.ContactModule" name="createBasicContactTest" time="0.001">
    <skipped/>
  </testcase> <!-- createBasicContactTest -->
  <testcase classname="contactModule.ContactModule" name="createContactWithOrganizationTest" time="0.001">
    <skipped/>
  </testcase> <!-- createContactWithOrganizationTest -->
  <testcase classname="contactModule.ContactModule" name="createContactWithSupportDatesTest" time="0.001">
    <skipped/>
  </testcase> <!-- createContactWithSupportDatesTest -->
  <testcase classname="organizationModule.OrganizationModule" name="createOrgTest" time="41.205"/>
  <testcase classname="organizationModule.OrganizationModule" name="createOrgWithIndustryAndTypeTest" time="7.379">
    <failure type="java.lang.NullPointerException" message="Cannot invoke &amp;quot;String.contains(java.lang.CharSequence)&amp;quot; because &amp;quot;toEscape&amp;quot; is null">
      <![CDATA[java.lang.NullPointerException: Cannot invoke "String.contains(java.lang.CharSequence)" because "toEscape" is null
at org.openqa.selenium.support.ui.Quotes.escape(Quotes.java:38)
at org.openqa.selenium.support.ui.Select.findOptionsByValue(Select.java:305)
at org.openqa.selenium.support.ui.Select.selectByValue(Select.java:191)
at utils.SelectClassUtilities.selectOptionByValue(SelectClassUtilities.java:19)
at pomPages.OrganizationCreatePomPage.selectByValue(OrganizationCreatePomPage.java:83)
at organizationModule.OrganizationModule.createOrgWithIndustryAndTypeTest(OrganizationModule.java:105)
at java.base/java.util.ArrayList.forEach(ArrayList.java:1596)
at java.base/java.util.concurrent.FutureTask.run(FutureTask.java:317)
at java.base/java.util.concurrent.ThreadPoolExecutor.runWorker(ThreadPoolExecutor.java:1144)
at java.base/java.util.concurrent.ThreadPoolExecutor$Worker.run(ThreadPoolExecutor.java:642)
at java.base/java.lang.Thread.run(Thread.java:1583)
... Removed 15 stack frames]]>
    </failure>
  </testcase> <!-- createOrgWithIndustryAndTypeTest -->
  <testcase classname="organizationModule.OrganizationModule" name="createOrgWithPhoneTest" time="11.74"/>
  <testcase classname="base.BaseClass" name="@AfterSuite disconnectDB" time="0.0">
    <ignored/>
  </testcase> <!-- @AfterSuite disconnectDB -->
  <testcase classname="base.BaseClass" name="@BeforeTest configParallelExe" time="0.0">
    <ignored/>
  </testcase> <!-- @BeforeTest configParallelExe -->
  <testcase classname="base.BaseClass" name="@BeforeSuite connectToDatabase" time="0.0">
    <ignored/>
  </testcase> <!-- @BeforeSuite connectToDatabase -->
  <testcase classname="base.BaseClass" name="@AfterTest closeConfigPE" time="0.0">
    <ignored/>
  </testcase> <!-- @AfterTest closeConfigPE -->
</testsuite> <!-- Chrome Tests -->
