<?xml version="1.0" encoding="UTF-8"?>
<!-- Generated by org.testng.reporters.JUnitXMLReporter -->
<testsuite ignored="4" hostname="DESKTOP-76Q9I9I" failures="1" tests="6" name="Edge Tests" time="174.494" errors="0" timestamp="2026-05-07T10:19:19 IST">
  <testcase classname="contactModule.ContactModule" name="createBasicContactTest" time="45.654"/>
  <testcase classname="contactModule.ContactModule" name="createContactWithOrganizationTest" time="26.697"/>
  <testcase classname="contactModule.ContactModule" name="createContactWithSupportDatesTest" time="12.661">
    <failure type="java.lang.IllegalArgumentException" message="Keys to send should be a not null CharSequence">
      <![CDATA[java.lang.IllegalArgumentException: Keys to send should be a not null CharSequence
at org.openqa.selenium.remote.RemoteWebElement.sendKeys(RemoteWebElement.java:96)
at org.openqa.selenium.support.pagefactory.internal.LocatingElementHandler.invoke(LocatingElementHandler.java:51)
at jdk.proxy2/jdk.proxy2.$Proxy20.sendKeys(Unknown Source)
at contactModule.ContactModule.createContactWithSupportDatesTest(ContactModule.java:213)
at java.base/java.util.ArrayList.forEach(ArrayList.java:1596)
at java.base/java.util.concurrent.FutureTask.run(FutureTask.java:317)
at java.base/java.util.concurrent.ThreadPoolExecutor.runWorker(ThreadPoolExecutor.java:1144)
at java.base/java.util.concurrent.ThreadPoolExecutor$Worker.run(ThreadPoolExecutor.java:642)
at java.base/java.lang.Thread.run(Thread.java:1583)
... Removed 17 stack frames]]>
    </failure>
  </testcase> <!-- createContactWithSupportDatesTest -->
  <testcase classname="organizationModule.OrganizationModule" name="createOrgTest" time="0.001">
    <skipped/>
  </testcase> <!-- createOrgTest -->
  <testcase classname="organizationModule.OrganizationModule" name="createOrgWithIndustryAndTypeTest" time="0.0">
    <skipped/>
  </testcase> <!-- createOrgWithIndustryAndTypeTest -->
  <testcase classname="organizationModule.OrganizationModule" name="createOrgWithPhoneTest" time="0.0">
    <skipped/>
  </testcase> <!-- createOrgWithPhoneTest -->
  <testcase classname="base.BaseClass" name="@AfterSuite disconnectDB" time="0.0">
    <ignored/>
  </testcase> <!-- @AfterSuite disconnectDB -->
  <testcase classname="base.BaseClass" name="@BeforeSuite connectToDatabase" time="0.0">
    <ignored/>
  </testcase> <!-- @BeforeSuite connectToDatabase -->
  <testcase classname="base.BaseClass" name="@BeforeTest configParallelExe" time="0.0">
    <ignored/>
  </testcase> <!-- @BeforeTest configParallelExe -->
  <testcase classname="base.BaseClass" name="@AfterTest closeConfigPE" time="0.0">
    <ignored/>
  </testcase> <!-- @AfterTest closeConfigPE -->
</testsuite> <!-- Edge Tests -->
