<?xml version="1.0" encoding="UTF-8"?>
<!-- Generated by org.testng.reporters.JUnitReportReporter -->
<testsuite hostname="DESKTOP-76Q9I9I" failures="0" tests="8" name="contactModule.ContactModule" time="174.751" errors="2" timestamp="2026-05-08T16:14:09 IST" skipped="5">
  <testcase classname="contactModule.ContactModule" name="createContactWithSupportDatesTest" time="19.487">
    <skipped/>
    <system-out>
      <![CDATA[createContactWithSupportDatesTest : Test Execution Started
createContactWithSupportDatesTest : Test Skipped]]>
    </system-out>
  </testcase> <!-- createContactWithSupportDatesTest -->
  <testcase classname="contactModule.ContactModule" name="createContactWithSupportDatesTest" time="28.967">
    <error message="Keys to send should be a not null CharSequence" type="java.lang.IllegalArgumentException">
      <![CDATA[java.lang.IllegalArgumentException: Keys to send should be a not null CharSequence
at org.openqa.selenium.remote.RemoteWebElement.sendKeys(RemoteWebElement.java:96)
at java.base/jdk.internal.reflect.DirectMethodHandleAccessor.invoke(DirectMethodHandleAccessor.java:103)
at java.base/java.lang.reflect.Method.invoke(Method.java:580)
at org.openqa.selenium.support.pagefactory.internal.LocatingElementHandler.invoke(LocatingElementHandler.java:51)
at jdk.proxy2/jdk.proxy2.$Proxy22.sendKeys(Unknown Source)
at contactModule.ContactModule.createContactWithSupportDatesTest(ContactModule.java:185)
at java.base/jdk.internal.reflect.DirectMethodHandleAccessor.invoke(DirectMethodHandleAccessor.java:103)
at java.base/java.lang.reflect.Method.invoke(Method.java:580)
at org.testng.internal.invokers.MethodInvocationHelper.invokeMethod(MethodInvocationHelper.java:141)
at org.testng.internal.invokers.TestInvoker.invokeMethod(TestInvoker.java:687)
at org.testng.internal.invokers.TestInvoker.retryFailed(TestInvoker.java:269)
at org.testng.internal.invokers.MethodRunner.runInSequence(MethodRunner.java:76)
at org.testng.internal.invokers.TestInvoker$MethodInvocationAgent.invoke(TestInvoker.java:995)
at org.testng.internal.invokers.TestInvoker.invokeTestMethods(TestInvoker.java:203)
at org.testng.internal.invokers.TestMethodWorker.invokeTestMethods(TestMethodWorker.java:154)
at org.testng.internal.invokers.TestMethodWorker.run(TestMethodWorker.java:134)
at java.base/java.util.ArrayList.forEach(ArrayList.java:1596)
at org.testng.TestRunner.privateRun(TestRunner.java:741)
at org.testng.TestRunner.run(TestRunner.java:616)
at org.testng.SuiteRunner.runTest(SuiteRunner.java:421)
at org.testng.SuiteRunner.runSequentially(SuiteRunner.java:413)
at org.testng.SuiteRunner.privateRun(SuiteRunner.java:373)
at org.testng.SuiteRunner.run(SuiteRunner.java:312)
at org.testng.SuiteRunnerWorker.runSuite(SuiteRunnerWorker.java:52)
at org.testng.SuiteRunnerWorker.run(SuiteRunnerWorker.java:95)
at org.testng.TestNG.runSuitesSequentially(TestNG.java:1274)
at org.testng.TestNG.runSuitesLocally(TestNG.java:1208)
at org.testng.TestNG.runSuites(TestNG.java:1112)
at org.testng.TestNG.run(TestNG.java:1079)
at org.testng.remote.AbstractRemoteTestNG.run(AbstractRemoteTestNG.java:115)
at org.testng.remote.RemoteTestNG.initAndRun(RemoteTestNG.java:293)
at org.testng.remote.RemoteTestNG.main(RemoteTestNG.java:91)
]]>
    </error>
    <system-out>
      <![CDATA[createContactWithSupportDatesTest : Test Execution Started
createContactWithSupportDatesTest : Test Execution Failed
createContactWithSupportDatesTest : Screenshot Captured Successfully]]>
    </system-out>
  </testcase> <!-- createContactWithSupportDatesTest -->
  <testcase classname="contactModule.ContactModule" name="createContactWithSupportDatesTest" time="18.420">
    <skipped/>
    <system-out>
      <![CDATA[createContactWithSupportDatesTest : Test Execution Started
createContactWithSupportDatesTest : Test Skipped]]>
    </system-out>
  </testcase> <!-- createContactWithSupportDatesTest -->
  <testcase classname="contactModule.ContactModule" name="createContactWithSupportDatesTest" time="17.771">
    <skipped/>
    <system-out>
      <![CDATA[createContactWithSupportDatesTest : Test Execution Started
createContactWithSupportDatesTest : Test Skipped]]>
    </system-out>
  </testcase> <!-- createContactWithSupportDatesTest -->
  <testcase classname="contactModule.ContactModule" name="createContactWithSupportDatesTest" time="17.653">
    <skipped/>
    <system-out>
      <![CDATA[createContactWithSupportDatesTest : Test Execution Started
createContactWithSupportDatesTest : Test Skipped]]>
    </system-out>
  </testcase> <!-- createContactWithSupportDatesTest -->
  <testcase classname="contactModule.ContactModule" name="createContactWithOrganizationTest" time="54.697">
    <system-out>
      <![CDATA[createContactWithOrganizationTest : Test Execution Started
createContactWithOrganizationTest : Test Execution Success]]>
    </system-out>
  </testcase> <!-- createContactWithOrganizationTest -->
  <testcase classname="contactModule.ContactModule" name="createBasicContactTest" time="5.726">
    <error message="java.lang.RuntimeException: ❌ No data found for TC_ID: Create Basic Contact" type="java.lang.RuntimeException">
      <![CDATA[java.lang.RuntimeException: java.lang.RuntimeException: ❌ No data found for TC_ID: Create Basic Contact
at org.testng.internal.invokers.MethodInvocationHelper.invokeMethodNoCheckedException(MethodInvocationHelper.java:58)
at org.testng.internal.invokers.MethodInvocationHelper.invokeDataProvider(MethodInvocationHelper.java:159)
at org.testng.internal.Parameters.handleParameters(Parameters.java:809)
at org.testng.internal.Parameters.handleParameters(Parameters.java:734)
at org.testng.internal.invokers.ParameterHandler.handleParameters(ParameterHandler.java:72)
at org.testng.internal.invokers.ParameterHandler.createParameters(ParameterHandler.java:51)
at org.testng.internal.invokers.TestInvoker$MethodInvocationAgent.invoke(TestInvoker.java:949)
at org.testng.internal.invokers.TestInvoker.invokeTestMethods(TestInvoker.java:203)
at org.testng.internal.invokers.TestMethodWorker.invokeTestMethods(TestMethodWorker.java:154)
at org.testng.internal.invokers.TestMethodWorker.run(TestMethodWorker.java:134)
at java.base/java.util.ArrayList.forEach(ArrayList.java:1596)
at org.testng.TestRunner.privateRun(TestRunner.java:741)
at org.testng.TestRunner.run(TestRunner.java:616)
at org.testng.SuiteRunner.runTest(SuiteRunner.java:421)
at org.testng.SuiteRunner.runSequentially(SuiteRunner.java:413)
at org.testng.SuiteRunner.privateRun(SuiteRunner.java:373)
at org.testng.SuiteRunner.run(SuiteRunner.java:312)
at org.testng.SuiteRunnerWorker.runSuite(SuiteRunnerWorker.java:52)
at org.testng.SuiteRunnerWorker.run(SuiteRunnerWorker.java:95)
at org.testng.TestNG.runSuitesSequentially(TestNG.java:1274)
at org.testng.TestNG.runSuitesLocally(TestNG.java:1208)
at org.testng.TestNG.runSuites(TestNG.java:1112)
at org.testng.TestNG.run(TestNG.java:1079)
at org.testng.remote.AbstractRemoteTestNG.run(AbstractRemoteTestNG.java:115)
at org.testng.remote.RemoteTestNG.initAndRun(RemoteTestNG.java:293)
at org.testng.remote.RemoteTestNG.main(RemoteTestNG.java:91)
Caused by: java.lang.RuntimeException: ❌ No data found for TC_ID: Create Basic Contact
at dataProviders.ContactDataProvider.getData(ContactDataProvider.java:31)
at java.base/jdk.internal.reflect.DirectMethodHandleAccessor.invoke(DirectMethodHandleAccessor.java:103)
at java.base/java.lang.reflect.Method.invoke(Method.java:580)
at org.testng.internal.invokers.MethodInvocationHelper.invokeMethod(MethodInvocationHelper.java:141)
at org.testng.internal.invokers.MethodInvocationHelper.invokeMethod(MethodInvocationHelper.java:86)
at org.testng.internal.invokers.MethodInvocationHelper.invokeMethodNoCheckedException(MethodInvocationHelper.java:54)
... 25 more
]]>
    </error>
  </testcase> <!-- createBasicContactTest -->
  <testcase classname="contactModule.ContactModule" name="createContactWithSupportDatesTest" time="12.030">
    <skipped/>
    <system-out>
      <![CDATA[createContactWithSupportDatesTest : Test Execution Started
createContactWithSupportDatesTest : Test Skipped]]>
    </system-out>
  </testcase> <!-- createContactWithSupportDatesTest -->
  <system-out>
    <![CDATA[Suite Execution Started
Database Connected
Parallel Execution Configured
Launching Browser
sdriver initialized: SUCCESS
Browser Launched Successfully
createBasicContactTest : Test Execution Failed
createBasicContactTest : Screenshot Captured Successfully
Logged into Application
createContactWithOrganizationTest : Test Execution Started
createContactWithOrganizationTest : Test Execution Success
Logged out from Application
Logged into Application
createContactWithSupportDatesTest : Test Execution Started
createContactWithSupportDatesTest : Test Skipped
Logged out from Application
Logged into Application
createContactWithSupportDatesTest : Test Execution Started
createContactWithSupportDatesTest : Test Skipped
Logged out from Application
Logged into Application
createContactWithSupportDatesTest : Test Execution Started
createContactWithSupportDatesTest : Test Skipped
Logged out from Application
Logged into Application
createContactWithSupportDatesTest : Test Execution Started
createContactWithSupportDatesTest : Test Skipped
Logged out from Application
Logged into Application
createContactWithSupportDatesTest : Test Execution Started
createContactWithSupportDatesTest : Test Skipped
Logged out from Application
Logged into Application
createContactWithSupportDatesTest : Test Execution Started
createContactWithSupportDatesTest : Test Execution Failed
createContactWithSupportDatesTest : Screenshot Captured Successfully
Logged out from Application
Browser Closed
Launching Browser
sdriver initialized: SUCCESS
Browser Launched Successfully
Logged into Application
createOrgTest : Test Execution Started
createOrgTest : Test Execution Success
Logged out from Application
Logged into Application
createOrgWithIndustryAndTypeTest : Test Execution Started
createOrgWithIndustryAndTypeTest : Test Execution Success
Logged out from Application
Logged into Application
createOrgWithPhoneTest : Test Execution Started
createOrgWithPhoneTest : Test Execution Success
Logged out from Application
Browser Closed
Closed Parallel Execution Config
Database Disconnected]]>
  </system-out>
</testsuite> <!-- contactModule.ContactModule -->
