<?xml version="1.0" encoding="UTF-8"?>
<!-- Generated by org.testng.reporters.JUnitReportReporter -->
<testsuite hostname="DESKTOP-76Q9I9I" failures="0" tests="3" name="contactModule.ContactModule" time="106.511" errors="0" timestamp="2026-05-11T18:28:27 IST" skipped="0">
  <testcase classname="contactModule.ContactModule" name="createBasicContactTest" time="45.658"/>
  <testcase classname="contactModule.ContactModule" name="createContactWithSupportDatesTest" time="20.839"/>
  <testcase classname="contactModule.ContactModule" name="createContactWithOrganizationTest" time="40.014"/>
  <system-out>
    <![CDATA[Suite Execution Started --- Adv Report Generation
Database Connected
Parallel Execution Configured
Parallel Execution Configured
Launching Browser
Launching Browser
sdriver initialized: SUCCESS
Browser Launched Successfully
sdriver initialized: SUCCESS
Browser Launched Successfully
Logged into Application
Logged into Application
createBasicContactTest : Test Execution Failed
Closed Parallel Execution Config
Logged out from Application
Logged into Application
Logged out from Application
Logged into Application
Logged out from Application
Browser Closed
Launching Browser
sdriver initialized: SUCCESS
Browser Launched Successfully
Logged into Application
Logged out from Application
Logged into Application
Logged out from Application
Logged into Application
Logged out from Application
Browser Closed
Closed Parallel Execution Config
Database Disconnected]]>
  </system-out>
</testsuite> <!-- contactModule.ContactModule -->
