<?xml version="1.0" encoding="UTF-8"?>
<!-- Generated by org.testng.reporters.JUnitReportReporter -->
<testsuite hostname="DESKTOP-76Q9I9I" failures="0" tests="1" name="contactModule.CreateContactWithOrganization" time="47.075" errors="0" timestamp="2026-05-08T23:16:41 IST" skipped="0">
  <testcase classname="contactModule.CreateContactWithOrganization" name="createContactWithOrganization" time="47.075">
    <system-out>
      <![CDATA[createContactWithOrganization : Test Execution Started
createContactWithOrganization : Test Execution Success]]>
    </system-out>
  </testcase> <!-- createContactWithOrganization -->
  <system-out>
    <![CDATA[Suite Execution Started
Database Connected
Parallel Execution Configured
Launching Browser
sdriver initialized: SUCCESS
Browser Launched Successfully
Logged into Application
createContactWithOrganization : Test Execution Started
createContactWithOrganization : Test Execution Success
Logged out from Application
Browser Closed
Closed Parallel Execution Config
Database Disconnected]]>
  </system-out>
</testsuite> <!-- contactModule.CreateContactWithOrganization -->
