<?xml version="1.0" encoding="UTF-8"?>
<!-- Generated by org.testng.reporters.JUnitReportReporter -->
<testsuite hostname="DESKTOP-76Q9I9I" failures="0" tests="3" name="organizationModule.OrganizationModule" time="54.835" errors="0" timestamp="2026-05-08T16:14:09 IST" skipped="0">
  <testcase classname="organizationModule.OrganizationModule" name="createOrgTest" time="18.229">
    <system-out>
      <![CDATA[createOrgTest : Test Execution Started
createOrgTest : Test Execution Success]]>
    </system-out>
  </testcase> <!-- createOrgTest -->
  <testcase classname="organizationModule.OrganizationModule" name="createOrgWithPhoneTest" time="17.894">
    <system-out>
      <![CDATA[createOrgWithPhoneTest : Test Execution Started
createOrgWithPhoneTest : Test Execution Success]]>
    </system-out>
  </testcase> <!-- createOrgWithPhoneTest -->
  <testcase classname="organizationModule.OrganizationModule" name="createOrgWithIndustryAndTypeTest" time="18.712">
    <system-out>
      <![CDATA[createOrgWithIndustryAndTypeTest : Test Execution Started
createOrgWithIndustryAndTypeTest : Test Execution Success]]>
    </system-out>
  </testcase> <!-- createOrgWithIndustryAndTypeTest -->
  <system-out>
    <![CDATA[Suite Execution Started
Database Connected
Parallel Execution Configured
Launching Browser
sdriver initialized: SUCCESS
Browser Launched Successfully
createBasicContactTest : Test Execution Failed
createBasicContactTest : Screenshot Captured Successfully
Logged into Application
createContactWithOrganizationTest : Test Execution Started
createContactWithOrganizationTest : Test Execution Success
Logged out from Application
Logged into Application
createContactWithSupportDatesTest : Test Execution Started
createContactWithSupportDatesTest : Test Skipped
Logged out from Application
Logged into Application
createContactWithSupportDatesTest : Test Execution Started
createContactWithSupportDatesTest : Test Skipped
Logged out from Application
Logged into Application
createContactWithSupportDatesTest : Test Execution Started
createContactWithSupportDatesTest : Test Skipped
Logged out from Application
Logged into Application
createContactWithSupportDatesTest : Test Execution Started
createContactWithSupportDatesTest : Test Skipped
Logged out from Application
Logged into Application
createContactWithSupportDatesTest : Test Execution Started
createContactWithSupportDatesTest : Test Skipped
Logged out from Application
Logged into Application
createContactWithSupportDatesTest : Test Execution Started
createContactWithSupportDatesTest : Test Execution Failed
createContactWithSupportDatesTest : Screenshot Captured Successfully
Logged out from Application
Browser Closed
Launching Browser
sdriver initialized: SUCCESS
Browser Launched Successfully
Logged into Application
createOrgTest : Test Execution Started
createOrgTest : Test Execution Success
Logged out from Application
Logged into Application
createOrgWithIndustryAndTypeTest : Test Execution Started
createOrgWithIndustryAndTypeTest : Test Execution Success
Logged out from Application
Logged into Application
createOrgWithPhoneTest : Test Execution Started
createOrgWithPhoneTest : Test Execution Success
Logged out from Application
Browser Closed
Closed Parallel Execution Config
Database Disconnected]]>
  </system-out>
</testsuite> <!-- organizationModule.OrganizationModule -->
